<?xml version="1.0" encoding="UTF-8"?>
<!-- Generated by org.testng.reporters.JUnitReportReporter -->
<testsuite skipped="0" hostname="CDC2-D-6SFFH92" name="demos.Robot" tests="1" failures="0" timestamp="02 Aug 2019 05:19:40 GMT" time="9.080" errors="0">
  <testcase name="f" time="9.080" classname="demos.Robot"/>
</testsuite> <!-- demos.Robot -->
