<?xml version="1.0" encoding="UTF-8"?>
<!-- Generated by org.testng.reporters.JUnitReportReporter -->
<testsuite skipped="0" hostname="CDC2-D-6SFFH92" name="demos.PoiDemo" tests="1" failures="0" timestamp="01 Aug 2019 03:58:53 GMT" time="2.076" errors="0">
  <testcase name="f" time="2.076" classname="demos.PoiDemo"/>
</testsuite> <!-- demos.PoiDemo -->
