<?xml version="1.0" encoding="UTF-8"?>
<!-- Generated by org.testng.reporters.JUnitReportReporter -->
<testsuite skipped="0" hostname="CDC2-D-6SFFH92" name="demos.Ajax" tests="1" failures="0" timestamp="31 Jul 2019 06:21:04 GMT" time="23.836" errors="0">
  <testcase name="f" time="23.836" classname="demos.Ajax"/>
</testsuite> <!-- demos.Ajax -->
