<?xml version="1.0" encoding="UTF-8"?>
<!-- Generated by org.testng.reporters.JUnitReportReporter -->
<testsuite skipped="0" hostname="CDC2-D-6SFFH92" name="demos.Robots" tests="1" failures="0" timestamp="02 Aug 2019 05:55:21 GMT" time="16.675" errors="0">
  <testcase name="f" time="16.675" classname="demos.Robots"/>
</testsuite> <!-- demos.Robots -->
