<?xml version="1.0" encoding="UTF-8"?>
<!-- Generated by org.testng.reporters.JUnitReportReporter -->
<testsuite skipped="0" hostname="CDC2-D-6SFFH92" name="demos.WriteInExcel" tests="1" failures="0" timestamp="01 Aug 2019 04:19:05 GMT" time="1.000" errors="0">
  <testcase name="f" time="1.000" classname="demos.WriteInExcel"/>
</testsuite> <!-- demos.WriteInExcel -->
