<?xml version="1.0" encoding="UTF-8"?>
<!-- Generated by org.testng.reporters.JUnitReportReporter -->
<testsuite skipped="0" hostname="CDC2-D-6SFFH92" name="Test.LoginPageFactoryTestCase" tests="1" failures="0" timestamp="01 Aug 2019 06:40:04 GMT" time="27.922" errors="0">
  <testcase name="f" time="27.922" classname="Test.LoginPageFactoryTestCase"/>
</testsuite> <!-- Test.LoginPageFactoryTestCase -->
