<?xml version="1.0" encoding="UTF-8"?>
<!-- Generated by org.testng.reporters.JUnitReportReporter -->
<testsuite skipped="0" hostname="CDC2-D-6SFFH92" name="Test.LoginTestCase" tests="1" failures="0" timestamp="01 Aug 2019 05:34:10 GMT" time="19.210" errors="0">
  <testcase name="f" time="19.210" classname="Test.LoginTestCase"/>
</testsuite> <!-- Test.LoginTestCase -->
