<?xml version="1.0" encoding="UTF-8"?>
<!-- Generated by org.testng.reporters.JUnitReportReporter -->
<testsuite skipped="0" hostname="CDC2-D-6SFFH92" name="demos.DemouAutExcel" tests="1" failures="0" timestamp="01 Aug 2019 04:33:01 GMT" time="19.039" errors="0">
  <testcase name="f" time="19.039" classname="demos.DemouAutExcel"/>
</testsuite> <!-- demos.DemouAutExcel -->
